Linked: (/home/hoenir/numl_catkin_ws/devel/.private/myo_raw/include/myo_raw/Gesture.h, /home/hoenir/numl_catkin_ws/devel/include/myo_raw/Gesture.h)
Linked: (/home/hoenir/numl_catkin_ws/devel/.private/myo_raw/include/myo_raw/IMUData.h, /home/hoenir/numl_catkin_ws/devel/include/myo_raw/IMUData.h)
Linked: (/home/hoenir/numl_catkin_ws/devel/.private/myo_raw/include/myo_raw/MyoArm.h, /home/hoenir/numl_catkin_ws/devel/include/myo_raw/MyoArm.h)
Linked: (/home/hoenir/numl_catkin_ws/devel/.private/myo_raw/include/myo_raw/EMGData.h, /home/hoenir/numl_catkin_ws/devel/include/myo_raw/EMGData.h)
Linked: (/home/hoenir/numl_catkin_ws/devel/.private/myo_raw/lib/python2.7/dist-packages/myo_raw/__init__.py, /home/hoenir/numl_catkin_ws/devel/lib/python2.7/dist-packages/myo_raw/__init__.py)
Linked: (/home/hoenir/numl_catkin_ws/devel/.private/myo_raw/lib/python2.7/dist-packages/myo_raw/msg/_MyoArm.py, /home/hoenir/numl_catkin_ws/devel/lib/python2.7/dist-packages/myo_raw/msg/_MyoArm.py)
Linked: (/home/hoenir/numl_catkin_ws/devel/.private/myo_raw/lib/python2.7/dist-packages/myo_raw/msg/_Gesture.py, /home/hoenir/numl_catkin_ws/devel/lib/python2.7/dist-packages/myo_raw/msg/_Gesture.py)
Linked: (/home/hoenir/numl_catkin_ws/devel/.private/myo_raw/lib/python2.7/dist-packages/myo_raw/msg/__init__.py, /home/hoenir/numl_catkin_ws/devel/lib/python2.7/dist-packages/myo_raw/msg/__init__.py)
Linked: (/home/hoenir/numl_catkin_ws/devel/.private/myo_raw/lib/python2.7/dist-packages/myo_raw/msg/_IMUData.py, /home/hoenir/numl_catkin_ws/devel/lib/python2.7/dist-packages/myo_raw/msg/_IMUData.py)
Linked: (/home/hoenir/numl_catkin_ws/devel/.private/myo_raw/lib/python2.7/dist-packages/myo_raw/msg/_EMGData.py, /home/hoenir/numl_catkin_ws/devel/lib/python2.7/dist-packages/myo_raw/msg/_EMGData.py)
Linked: (/home/hoenir/numl_catkin_ws/devel/.private/myo_raw/lib/pkgconfig/myo_raw.pc, /home/hoenir/numl_catkin_ws/devel/lib/pkgconfig/myo_raw.pc)
Linked: (/home/hoenir/numl_catkin_ws/devel/.private/myo_raw/share/common-lisp/ros/myo_raw/msg/EMGData.lisp, /home/hoenir/numl_catkin_ws/devel/share/common-lisp/ros/myo_raw/msg/EMGData.lisp)
Linked: (/home/hoenir/numl_catkin_ws/devel/.private/myo_raw/share/common-lisp/ros/myo_raw/msg/IMUData.lisp, /home/hoenir/numl_catkin_ws/devel/share/common-lisp/ros/myo_raw/msg/IMUData.lisp)
Linked: (/home/hoenir/numl_catkin_ws/devel/.private/myo_raw/share/common-lisp/ros/myo_raw/msg/_package_Gesture.lisp, /home/hoenir/numl_catkin_ws/devel/share/common-lisp/ros/myo_raw/msg/_package_Gesture.lisp)
Linked: (/home/hoenir/numl_catkin_ws/devel/.private/myo_raw/share/common-lisp/ros/myo_raw/msg/_package_IMUData.lisp, /home/hoenir/numl_catkin_ws/devel/share/common-lisp/ros/myo_raw/msg/_package_IMUData.lisp)
Linked: (/home/hoenir/numl_catkin_ws/devel/.private/myo_raw/share/common-lisp/ros/myo_raw/msg/MyoArm.lisp, /home/hoenir/numl_catkin_ws/devel/share/common-lisp/ros/myo_raw/msg/MyoArm.lisp)
Linked: (/home/hoenir/numl_catkin_ws/devel/.private/myo_raw/share/common-lisp/ros/myo_raw/msg/Gesture.lisp, /home/hoenir/numl_catkin_ws/devel/share/common-lisp/ros/myo_raw/msg/Gesture.lisp)
Linked: (/home/hoenir/numl_catkin_ws/devel/.private/myo_raw/share/common-lisp/ros/myo_raw/msg/_package.lisp, /home/hoenir/numl_catkin_ws/devel/share/common-lisp/ros/myo_raw/msg/_package.lisp)
Linked: (/home/hoenir/numl_catkin_ws/devel/.private/myo_raw/share/common-lisp/ros/myo_raw/msg/_package_MyoArm.lisp, /home/hoenir/numl_catkin_ws/devel/share/common-lisp/ros/myo_raw/msg/_package_MyoArm.lisp)
Linked: (/home/hoenir/numl_catkin_ws/devel/.private/myo_raw/share/common-lisp/ros/myo_raw/msg/myo_raw-msg.asd, /home/hoenir/numl_catkin_ws/devel/share/common-lisp/ros/myo_raw/msg/myo_raw-msg.asd)
Linked: (/home/hoenir/numl_catkin_ws/devel/.private/myo_raw/share/common-lisp/ros/myo_raw/msg/_package_EMGData.lisp, /home/hoenir/numl_catkin_ws/devel/share/common-lisp/ros/myo_raw/msg/_package_EMGData.lisp)
Linked: (/home/hoenir/numl_catkin_ws/devel/.private/myo_raw/share/myo_raw/cmake/myo_raw-msg-paths.cmake, /home/hoenir/numl_catkin_ws/devel/share/myo_raw/cmake/myo_raw-msg-paths.cmake)
Linked: (/home/hoenir/numl_catkin_ws/devel/.private/myo_raw/share/myo_raw/cmake/myo_rawConfig.cmake, /home/hoenir/numl_catkin_ws/devel/share/myo_raw/cmake/myo_rawConfig.cmake)
Linked: (/home/hoenir/numl_catkin_ws/devel/.private/myo_raw/share/myo_raw/cmake/myo_rawConfig-version.cmake, /home/hoenir/numl_catkin_ws/devel/share/myo_raw/cmake/myo_rawConfig-version.cmake)
Linked: (/home/hoenir/numl_catkin_ws/devel/.private/myo_raw/share/myo_raw/cmake/myo_raw-msg-extras.cmake, /home/hoenir/numl_catkin_ws/devel/share/myo_raw/cmake/myo_raw-msg-extras.cmake)
