In file included from /home/hoenir/numl_catkin_ws/src/numl_val_mirror/src/mirrorGUI.cpp:1:0:
/home/hoenir/numl_catkin_ws/src/numl_val_mirror/src/../include/mirrorGUI.hpp:23:49: warning: non-static data member initializers only available with -std=c++11 or -std=gnu++11 [enabled by default]
  sf::Color backgroundColor=sf::Color(255,0,0,255);
                                                 ^
In file included from /home/hoenir/numl_catkin_ws/src/numl_val_mirror/src/mirrorGUI.cpp:1:0:
/home/hoenir/numl_catkin_ws/src/numl_val_mirror/src/../include/mirrorGUI.hpp:61:22: warning: non-static data member initializers only available with -std=c++11 or -std=gnu++11 [enabled by default]
  long int startTime=-1;
                      ^
/home/hoenir/numl_catkin_ws/src/numl_val_mirror/src/../include/mirrorGUI.hpp:64:31: warning: non-static data member initializers only available with -std=c++11 or -std=gnu++11 [enabled by default]
  double robotPositions[33]={-1};
                               ^
/home/hoenir/numl_catkin_ws/src/numl_val_mirror/src/../include/mirrorGUI.hpp:65:31: warning: non-static data member initializers only available with -std=c++11 or -std=gnu++11 [enabled by default]
  double humanPositions[33]={-1};
                               ^
/home/hoenir/numl_catkin_ws/src/numl_val_mirror/src/../include/mirrorGUI.hpp:69:19: warning: non-static data member initializers only available with -std=c++11 or -std=gnu++11 [enabled by default]
  bool isOcculusOn=false,isHeadOn=false,isLeftArmOn=false,isRightArmOn=false,isChestOn=false,isPelvisOn=false,areWeRecording=false;
                   ^
/home/hoenir/numl_catkin_ws/src/numl_val_mirror/src/../include/mirrorGUI.hpp:69:34: warning: non-static data member initializers only available with -std=c++11 or -std=gnu++11 [enabled by default]
  bool isOcculusOn=false,isHeadOn=false,isLeftArmOn=false,isRightArmOn=false,isChestOn=false,isPelvisOn=false,areWeRecording=false;
                                  ^
/home/hoenir/numl_catkin_ws/src/numl_val_mirror/src/../include/mirrorGUI.hpp:69:52: warning: non-static data member initializers only available with -std=c++11 or -std=gnu++11 [enabled by default]
  bool isOcculusOn=false,isHeadOn=false,isLeftArmOn=false,isRightArmOn=false,isChestOn=false,isPelvisOn=false,areWeRecording=false;
                                                    ^
/home/hoenir/numl_catkin_ws/src/numl_val_mirror/src/../include/mirrorGUI.hpp:69:71: warning: non-static data member initializers only available with -std=c++11 or -std=gnu++11 [enabled by default]
  bool isOcculusOn=false,isHeadOn=false,isLeftArmOn=false,isRightArmOn=false,isChestOn=false,isPelvisOn=false,areWeRecording=false;
                                                                       ^
/home/hoenir/numl_catkin_ws/src/numl_val_mirror/src/../include/mirrorGUI.hpp:69:87: warning: non-static data member initializers only available with -std=c++11 or -std=gnu++11 [enabled by default]
  bool isOcculusOn=false,isHeadOn=false,isLeftArmOn=false,isRightArmOn=false,isChestOn=false,isPelvisOn=false,areWeRecording=false;
                                                                                       ^
/home/hoenir/numl_catkin_ws/src/numl_val_mirror/src/../include/mirrorGUI.hpp:69:104: warning: non-static data member initializers only available with -std=c++11 or -std=gnu++11 [enabled by default]
  bool isOcculusOn=false,isHeadOn=false,isLeftArmOn=false,isRightArmOn=false,isChestOn=false,isPelvisOn=false,areWeRecording=false;
                                                                                                        ^
/home/hoenir/numl_catkin_ws/src/numl_val_mirror/src/../include/mirrorGUI.hpp:69:125: warning: non-static data member initializers only available with -std=c++11 or -std=gnu++11 [enabled by default]
  bool isOcculusOn=false,isHeadOn=false,isLeftArmOn=false,isRightArmOn=false,isChestOn=false,isPelvisOn=false,areWeRecording=false;
                                                                                                                             ^
/home/hoenir/numl_catkin_ws/src/numl_val_mirror/src/../include/mirrorGUI.hpp:64:31: warning: extended initializer lists only available with -std=c++11 or -std=gnu++11 [enabled by default]
  double robotPositions[33]={-1};
                               ^
/home/hoenir/numl_catkin_ws/src/numl_val_mirror/src/../include/mirrorGUI.hpp:65:31: warning: extended initializer lists only available with -std=c++11 or -std=gnu++11 [enabled by default]
  double humanPositions[33]={-1};
                               ^
/home/hoenir/numl_catkin_ws/src/numl_val_mirror/src/mirrorGUI.cpp: In member function ‘void GUI::doButtonStuff(int)’:
/home/hoenir/numl_catkin_ws/src/numl_val_mirror/src/mirrorGUI.cpp:110:36: error: could not convert ‘((GUI*)this)->GUI::recordFile.std::basic_ofstream<_CharT, _Traits>::open<char, std::char_traits<char> >(name.std::basic_string<_CharT, _Traits, _Alloc>::c_str<char, std::char_traits<char>, std::allocator<char> >(), std::operator|((std::_Ios_Openmode)16, (std::_Ios_Openmode)32))’ from ‘void’ to ‘bool’
     if(recordFile.open(name.c_str()))
                                    ^
make[2]: *** [CMakeFiles/mirror.dir/src/mirrorGUI.cpp.o] Error 1
make[2]: *** Waiting for unfinished jobs....
In file included from /home/hoenir/numl_catkin_ws/src/numl_val_mirror/src/mirror.cpp:9:0:
/home/hoenir/numl_catkin_ws/src/numl_val_mirror/src/../include/bodyState.hpp:63:35: warning: non-static data member initializers only available with -std=c++11 or -std=gnu++11 [enabled by default]
  Point lastStats[15]={Point(0,0,0)};
                                   ^
/home/hoenir/numl_catkin_ws/src/numl_val_mirror/src/../include/bodyState.hpp:64:33: warning: non-static data member initializers only available with -std=c++11 or -std=gnu++11 [enabled by default]
  Point rotated[15]={Point(0,0,0)}; //A better name would be transformed
                                 ^
/home/hoenir/numl_catkin_ws/src/numl_val_mirror/src/../include/bodyState.hpp:65:34: warning: non-static data member initializers only available with -std=c++11 or -std=gnu++11 [enabled by default]
  Point rotated2[15]={Point(0,0,0)};
                                  ^
/home/hoenir/numl_catkin_ws/src/numl_val_mirror/src/../include/bodyState.hpp:69:27: warning: non-static data member initializers only available with -std=c++11 or -std=gnu++11 [enabled by default]
  double highestHipAverage=.5;
                           ^
/home/hoenir/numl_catkin_ws/src/numl_val_mirror/src/../include/bodyState.hpp:63:35: warning: extended initializer lists only available with -std=c++11 or -std=gnu++11 [enabled by default]
  Point lastStats[15]={Point(0,0,0)};
                                   ^
/home/hoenir/numl_catkin_ws/src/numl_val_mirror/src/../include/bodyState.hpp:64:33: warning: extended initializer lists only available with -std=c++11 or -std=gnu++11 [enabled by default]
  Point rotated[15]={Point(0,0,0)}; //A better name would be transformed
                                 ^
/home/hoenir/numl_catkin_ws/src/numl_val_mirror/src/../include/bodyState.hpp:65:34: warning: extended initializer lists only available with -std=c++11 or -std=gnu++11 [enabled by default]
  Point rotated2[15]={Point(0,0,0)};
                                  ^
In file included from /home/hoenir/numl_catkin_ws/src/numl_val_mirror/src/mirror.cpp:10:0:
/home/hoenir/numl_catkin_ws/src/numl_val_mirror/src/../include/mirrorGUI.hpp:23:49: warning: non-static data member initializers only available with -std=c++11 or -std=gnu++11 [enabled by default]
  sf::Color backgroundColor=sf::Color(255,0,0,255);
                                                 ^
In file included from /home/hoenir/numl_catkin_ws/src/numl_val_mirror/src/mirror.cpp:10:0:
/home/hoenir/numl_catkin_ws/src/numl_val_mirror/src/../include/mirrorGUI.hpp:61:22: warning: non-static data member initializers only available with -std=c++11 or -std=gnu++11 [enabled by default]
  long int startTime=-1;
                      ^
/home/hoenir/numl_catkin_ws/src/numl_val_mirror/src/../include/mirrorGUI.hpp:64:31: warning: non-static data member initializers only available with -std=c++11 or -std=gnu++11 [enabled by default]
  double robotPositions[33]={-1};
                               ^
/home/hoenir/numl_catkin_ws/src/numl_val_mirror/src/../include/mirrorGUI.hpp:65:31: warning: non-static data member initializers only available with -std=c++11 or -std=gnu++11 [enabled by default]
  double humanPositions[33]={-1};
                               ^
/home/hoenir/numl_catkin_ws/src/numl_val_mirror/src/../include/mirrorGUI.hpp:69:19: warning: non-static data member initializers only available with -std=c++11 or -std=gnu++11 [enabled by default]
  bool isOcculusOn=false,isHeadOn=false,isLeftArmOn=false,isRightArmOn=false,isChestOn=false,isPelvisOn=false,areWeRecording=false;
                   ^
/home/hoenir/numl_catkin_ws/src/numl_val_mirror/src/../include/mirrorGUI.hpp:69:34: warning: non-static data member initializers only available with -std=c++11 or -std=gnu++11 [enabled by default]
  bool isOcculusOn=false,isHeadOn=false,isLeftArmOn=false,isRightArmOn=false,isChestOn=false,isPelvisOn=false,areWeRecording=false;
                                  ^
/home/hoenir/numl_catkin_ws/src/numl_val_mirror/src/../include/mirrorGUI.hpp:69:52: warning: non-static data member initializers only available with -std=c++11 or -std=gnu++11 [enabled by default]
  bool isOcculusOn=false,isHeadOn=false,isLeftArmOn=false,isRightArmOn=false,isChestOn=false,isPelvisOn=false,areWeRecording=false;
                                                    ^
/home/hoenir/numl_catkin_ws/src/numl_val_mirror/src/../include/mirrorGUI.hpp:69:71: warning: non-static data member initializers only available with -std=c++11 or -std=gnu++11 [enabled by default]
  bool isOcculusOn=false,isHeadOn=false,isLeftArmOn=false,isRightArmOn=false,isChestOn=false,isPelvisOn=false,areWeRecording=false;
                                                                       ^
/home/hoenir/numl_catkin_ws/src/numl_val_mirror/src/../include/mirrorGUI.hpp:69:87: warning: non-static data member initializers only available with -std=c++11 or -std=gnu++11 [enabled by default]
  bool isOcculusOn=false,isHeadOn=false,isLeftArmOn=false,isRightArmOn=false,isChestOn=false,isPelvisOn=false,areWeRecording=false;
                                                                                       ^
/home/hoenir/numl_catkin_ws/src/numl_val_mirror/src/../include/mirrorGUI.hpp:69:104: warning: non-static data member initializers only available with -std=c++11 or -std=gnu++11 [enabled by default]
  bool isOcculusOn=false,isHeadOn=false,isLeftArmOn=false,isRightArmOn=false,isChestOn=false,isPelvisOn=false,areWeRecording=false;
                                                                                                        ^
/home/hoenir/numl_catkin_ws/src/numl_val_mirror/src/../include/mirrorGUI.hpp:69:125: warning: non-static data member initializers only available with -std=c++11 or -std=gnu++11 [enabled by default]
  bool isOcculusOn=false,isHeadOn=false,isLeftArmOn=false,isRightArmOn=false,isChestOn=false,isPelvisOn=false,areWeRecording=false;
                                                                                                                             ^
/home/hoenir/numl_catkin_ws/src/numl_val_mirror/src/../include/mirrorGUI.hpp:64:31: warning: extended initializer lists only available with -std=c++11 or -std=gnu++11 [enabled by default]
  double robotPositions[33]={-1};
                               ^
/home/hoenir/numl_catkin_ws/src/numl_val_mirror/src/../include/mirrorGUI.hpp:65:31: warning: extended initializer lists only available with -std=c++11 or -std=gnu++11 [enabled by default]
  double humanPositions[33]={-1};
                               ^
make[1]: *** [CMakeFiles/mirror.dir/all] Error 2
make: *** [all] Error 2
