In file included from /home/hoenir/numl_catkin_ws/src/numl_val_mirror/src/bodyState.cpp:1:0:
/home/hoenir/numl_catkin_ws/src/numl_val_mirror/src/../include/bodyState.hpp:63:35: warning: non-static data member initializers only available with -std=c++11 or -std=gnu++11 [enabled by default]
  Point lastStats[15]={Point(0,0,0)};
                                   ^
/home/hoenir/numl_catkin_ws/src/numl_val_mirror/src/../include/bodyState.hpp:64:33: warning: non-static data member initializers only available with -std=c++11 or -std=gnu++11 [enabled by default]
  Point rotated[15]={Point(0,0,0)}; //A better name would be transformed
                                 ^
/home/hoenir/numl_catkin_ws/src/numl_val_mirror/src/../include/bodyState.hpp:65:34: warning: non-static data member initializers only available with -std=c++11 or -std=gnu++11 [enabled by default]
  Point rotated2[15]={Point(0,0,0)};
                                  ^
/home/hoenir/numl_catkin_ws/src/numl_val_mirror/src/../include/bodyState.hpp:69:27: warning: non-static data member initializers only available with -std=c++11 or -std=gnu++11 [enabled by default]
  double highestHipAverage=.5;
                           ^
/home/hoenir/numl_catkin_ws/src/numl_val_mirror/src/../include/bodyState.hpp:63:35: warning: extended initializer lists only available with -std=c++11 or -std=gnu++11 [enabled by default]
  Point lastStats[15]={Point(0,0,0)};
                                   ^
/home/hoenir/numl_catkin_ws/src/numl_val_mirror/src/../include/bodyState.hpp:64:33: warning: extended initializer lists only available with -std=c++11 or -std=gnu++11 [enabled by default]
  Point rotated[15]={Point(0,0,0)}; //A better name would be transformed
                                 ^
/home/hoenir/numl_catkin_ws/src/numl_val_mirror/src/../include/bodyState.hpp:65:34: warning: extended initializer lists only available with -std=c++11 or -std=gnu++11 [enabled by default]
  Point rotated2[15]={Point(0,0,0)};
                                  ^
cc1plus: warning: unrecognized command line option "-Wno-c++11" [enabled by default]
In file included from /home/hoenir/numl_catkin_ws/src/numl_val_mirror/src/mirrorGUI.cpp:1:0:
/home/hoenir/numl_catkin_ws/src/numl_val_mirror/src/../include/mirrorGUI.hpp:23:49: warning: non-static data member initializers only available with -std=c++11 or -std=gnu++11 [enabled by default]
  sf::Color backgroundColor=sf::Color(255,0,0,255);
                                                 ^
/home/hoenir/numl_catkin_ws/src/numl_val_mirror/src/../include/mirrorGUI.hpp: In constructor ‘Button::Button(int, int, int, int, std::string, sf::Font&)’:
/home/hoenir/numl_catkin_ws/src/numl_val_mirror/src/../include/mirrorGUI.hpp:41:25: warning: ‘Button::yLen’ will be initialized after [-Wreorder]
  int xLeft, xLen, yTop, yLen;
                         ^
/home/hoenir/numl_catkin_ws/src/numl_val_mirror/src/../include/mirrorGUI.hpp:22:14: warning:   ‘std::string Button::text’ [-Wreorder]
  std::string text;
              ^
/home/hoenir/numl_catkin_ws/src/numl_val_mirror/src/../include/mirrorGUI.hpp:31:2: warning:   when initialized here [-Wreorder]
  Button(int xLeft_, int xLen_, int yTop_, int yLen_, std::string text_, sf::Font &font):xLeft(xLeft_),xLen(xLen_),yTop(yTop_),yLen(yLen_),text(text_){
  ^
In file included from /home/hoenir/numl_catkin_ws/src/numl_val_mirror/src/mirrorGUI.cpp:1:0:
/home/hoenir/numl_catkin_ws/src/numl_val_mirror/src/../include/mirrorGUI.hpp: At global scope:
/home/hoenir/numl_catkin_ws/src/numl_val_mirror/src/../include/mirrorGUI.hpp:61:22: warning: non-static data member initializers only available with -std=c++11 or -std=gnu++11 [enabled by default]
  long int startTime=-1;
                      ^
/home/hoenir/numl_catkin_ws/src/numl_val_mirror/src/../include/mirrorGUI.hpp:64:31: warning: non-static data member initializers only available with -std=c++11 or -std=gnu++11 [enabled by default]
  double robotPositions[33]={-1};
                               ^
/home/hoenir/numl_catkin_ws/src/numl_val_mirror/src/../include/mirrorGUI.hpp:65:31: warning: non-static data member initializers only available with -std=c++11 or -std=gnu++11 [enabled by default]
  double humanPositions[33]={-1};
                               ^
/home/hoenir/numl_catkin_ws/src/numl_val_mirror/src/../include/mirrorGUI.hpp:66:37: warning: non-static data member initializers only available with -std=c++11 or -std=gnu++11 [enabled by default]
  double myo_orientation[3]={-1,-1,-1};
                                     ^
/home/hoenir/numl_catkin_ws/src/numl_val_mirror/src/../include/mirrorGUI.hpp:70:19: warning: non-static data member initializers only available with -std=c++11 or -std=gnu++11 [enabled by default]
  bool isOcculusOn=false,isHeadOn=false,isLeftArmOn=false,isRightArmOn=false,isChestOn=false,isPelvisOn=false,areWeRecording=false;
                   ^
/home/hoenir/numl_catkin_ws/src/numl_val_mirror/src/../include/mirrorGUI.hpp:70:34: warning: non-static data member initializers only available with -std=c++11 or -std=gnu++11 [enabled by default]
  bool isOcculusOn=false,isHeadOn=false,isLeftArmOn=false,isRightArmOn=false,isChestOn=false,isPelvisOn=false,areWeRecording=false;
                                  ^
/home/hoenir/numl_catkin_ws/src/numl_val_mirror/src/../include/mirrorGUI.hpp:70:52: warning: non-static data member initializers only available with -std=c++11 or -std=gnu++11 [enabled by default]
  bool isOcculusOn=false,isHeadOn=false,isLeftArmOn=false,isRightArmOn=false,isChestOn=false,isPelvisOn=false,areWeRecording=false;
                                                    ^
/home/hoenir/numl_catkin_ws/src/numl_val_mirror/src/../include/mirrorGUI.hpp:70:71: warning: non-static data member initializers only available with -std=c++11 or -std=gnu++11 [enabled by default]
  bool isOcculusOn=false,isHeadOn=false,isLeftArmOn=false,isRightArmOn=false,isChestOn=false,isPelvisOn=false,areWeRecording=false;
                                                                       ^
/home/hoenir/numl_catkin_ws/src/numl_val_mirror/src/../include/mirrorGUI.hpp:70:87: warning: non-static data member initializers only available with -std=c++11 or -std=gnu++11 [enabled by default]
  bool isOcculusOn=false,isHeadOn=false,isLeftArmOn=false,isRightArmOn=false,isChestOn=false,isPelvisOn=false,areWeRecording=false;
                                                                                       ^
/home/hoenir/numl_catkin_ws/src/numl_val_mirror/src/../include/mirrorGUI.hpp:70:104: warning: non-static data member initializers only available with -std=c++11 or -std=gnu++11 [enabled by default]
  bool isOcculusOn=false,isHeadOn=false,isLeftArmOn=false,isRightArmOn=false,isChestOn=false,isPelvisOn=false,areWeRecording=false;
                                                                                                        ^
/home/hoenir/numl_catkin_ws/src/numl_val_mirror/src/../include/mirrorGUI.hpp:70:125: warning: non-static data member initializers only available with -std=c++11 or -std=gnu++11 [enabled by default]
  bool isOcculusOn=false,isHeadOn=false,isLeftArmOn=false,isRightArmOn=false,isChestOn=false,isPelvisOn=false,areWeRecording=false;
                                                                                                                             ^
/home/hoenir/numl_catkin_ws/src/numl_val_mirror/src/../include/mirrorGUI.hpp:64:31: warning: extended initializer lists only available with -std=c++11 or -std=gnu++11 [enabled by default]
  double robotPositions[33]={-1};
                               ^
/home/hoenir/numl_catkin_ws/src/numl_val_mirror/src/../include/mirrorGUI.hpp:65:31: warning: extended initializer lists only available with -std=c++11 or -std=gnu++11 [enabled by default]
  double humanPositions[33]={-1};
                               ^
/home/hoenir/numl_catkin_ws/src/numl_val_mirror/src/../include/mirrorGUI.hpp:66:37: warning: extended initializer lists only available with -std=c++11 or -std=gnu++11 [enabled by default]
  double myo_orientation[3]={-1,-1,-1};
                                     ^
/home/hoenir/numl_catkin_ws/src/numl_val_mirror/src/mirrorGUI.cpp: In member function ‘void GUI::init()’:
/home/hoenir/numl_catkin_ws/src/numl_val_mirror/src/mirrorGUI.cpp:49:27: warning: comparison between signed and unsigned integer expressions [-Wsign-compare]
  for(int i=1;i<lines.size();i++)
                           ^
/home/hoenir/numl_catkin_ws/src/numl_val_mirror/src/mirrorGUI.cpp: In member function ‘void GUI::mouseClicked(int, int)’:
/home/hoenir/numl_catkin_ws/src/numl_val_mirror/src/mirrorGUI.cpp:177:29: warning: comparison between signed and unsigned integer expressions [-Wsign-compare]
  for(int i=0;i<buttons.size();i++){
                             ^
/home/hoenir/numl_catkin_ws/src/numl_val_mirror/src/mirrorGUI.cpp: In member function ‘void GUI::record(std::string, std::vector<double>)’:
/home/hoenir/numl_catkin_ws/src/numl_val_mirror/src/mirrorGUI.cpp:204:26: warning: comparison between signed and unsigned integer expressions [-Wsign-compare]
  for(int i=0;i<data.size();i++)
                          ^
/home/hoenir/numl_catkin_ws/src/numl_val_mirror/src/mirror.cpp:417:47: warning: "/*" within comment [-Wcomment]
   std::cout<<" Joint "<<i+1<<": "<<angles[i];//*(180/PI);
 ^
In file included from /home/hoenir/numl_catkin_ws/src/numl_val_mirror/src/mirror.cpp:9:0:
/home/hoenir/numl_catkin_ws/src/numl_val_mirror/src/../include/bodyState.hpp:63:35: warning: non-static data member initializers only available with -std=c++11 or -std=gnu++11 [enabled by default]
  Point lastStats[15]={Point(0,0,0)};
                                   ^
/home/hoenir/numl_catkin_ws/src/numl_val_mirror/src/../include/bodyState.hpp:64:33: warning: non-static data member initializers only available with -std=c++11 or -std=gnu++11 [enabled by default]
  Point rotated[15]={Point(0,0,0)}; //A better name would be transformed
                                 ^
/home/hoenir/numl_catkin_ws/src/numl_val_mirror/src/../include/bodyState.hpp:65:34: warning: non-static data member initializers only available with -std=c++11 or -std=gnu++11 [enabled by default]
  Point rotated2[15]={Point(0,0,0)};
                                  ^
/home/hoenir/numl_catkin_ws/src/numl_val_mirror/src/../include/bodyState.hpp:69:27: warning: non-static data member initializers only available with -std=c++11 or -std=gnu++11 [enabled by default]
  double highestHipAverage=.5;
                           ^
/home/hoenir/numl_catkin_ws/src/numl_val_mirror/src/../include/bodyState.hpp:63:35: warning: extended initializer lists only available with -std=c++11 or -std=gnu++11 [enabled by default]
  Point lastStats[15]={Point(0,0,0)};
                                   ^
/home/hoenir/numl_catkin_ws/src/numl_val_mirror/src/../include/bodyState.hpp:64:33: warning: extended initializer lists only available with -std=c++11 or -std=gnu++11 [enabled by default]
  Point rotated[15]={Point(0,0,0)}; //A better name would be transformed
                                 ^
/home/hoenir/numl_catkin_ws/src/numl_val_mirror/src/../include/bodyState.hpp:65:34: warning: extended initializer lists only available with -std=c++11 or -std=gnu++11 [enabled by default]
  Point rotated2[15]={Point(0,0,0)};
                                  ^
At global scope:
cc1plus: warning: unrecognized command line option "-Wno-c++11" [enabled by default]
In file included from /home/hoenir/numl_catkin_ws/src/numl_val_mirror/src/mirror.cpp:10:0:
/home/hoenir/numl_catkin_ws/src/numl_val_mirror/src/../include/mirrorGUI.hpp:23:49: warning: non-static data member initializers only available with -std=c++11 or -std=gnu++11 [enabled by default]
  sf::Color backgroundColor=sf::Color(255,0,0,255);
                                                 ^
/home/hoenir/numl_catkin_ws/src/numl_val_mirror/src/../include/mirrorGUI.hpp: In constructor ‘Button::Button(int, int, int, int, std::string, sf::Font&)’:
/home/hoenir/numl_catkin_ws/src/numl_val_mirror/src/../include/mirrorGUI.hpp:41:25: warning: ‘Button::yLen’ will be initialized after [-Wreorder]
  int xLeft, xLen, yTop, yLen;
                         ^
/home/hoenir/numl_catkin_ws/src/numl_val_mirror/src/../include/mirrorGUI.hpp:22:14: warning:   ‘std::string Button::text’ [-Wreorder]
  std::string text;
              ^
/home/hoenir/numl_catkin_ws/src/numl_val_mirror/src/../include/mirrorGUI.hpp:31:2: warning:   when initialized here [-Wreorder]
  Button(int xLeft_, int xLen_, int yTop_, int yLen_, std::string text_, sf::Font &font):xLeft(xLeft_),xLen(xLen_),yTop(yTop_),yLen(yLen_),text(text_){
  ^
In file included from /home/hoenir/numl_catkin_ws/src/numl_val_mirror/src/mirror.cpp:10:0:
/home/hoenir/numl_catkin_ws/src/numl_val_mirror/src/../include/mirrorGUI.hpp: At global scope:
/home/hoenir/numl_catkin_ws/src/numl_val_mirror/src/../include/mirrorGUI.hpp:61:22: warning: non-static data member initializers only available with -std=c++11 or -std=gnu++11 [enabled by default]
  long int startTime=-1;
                      ^
/home/hoenir/numl_catkin_ws/src/numl_val_mirror/src/../include/mirrorGUI.hpp:64:31: warning: non-static data member initializers only available with -std=c++11 or -std=gnu++11 [enabled by default]
  double robotPositions[33]={-1};
                               ^
/home/hoenir/numl_catkin_ws/src/numl_val_mirror/src/../include/mirrorGUI.hpp:65:31: warning: non-static data member initializers only available with -std=c++11 or -std=gnu++11 [enabled by default]
  double humanPositions[33]={-1};
                               ^
/home/hoenir/numl_catkin_ws/src/numl_val_mirror/src/../include/mirrorGUI.hpp:66:37: warning: non-static data member initializers only available with -std=c++11 or -std=gnu++11 [enabled by default]
  double myo_orientation[3]={-1,-1,-1};
                                     ^
/home/hoenir/numl_catkin_ws/src/numl_val_mirror/src/../include/mirrorGUI.hpp:70:19: warning: non-static data member initializers only available with -std=c++11 or -std=gnu++11 [enabled by default]
  bool isOcculusOn=false,isHeadOn=false,isLeftArmOn=false,isRightArmOn=false,isChestOn=false,isPelvisOn=false,areWeRecording=false;
                   ^
/home/hoenir/numl_catkin_ws/src/numl_val_mirror/src/../include/mirrorGUI.hpp:70:34: warning: non-static data member initializers only available with -std=c++11 or -std=gnu++11 [enabled by default]
  bool isOcculusOn=false,isHeadOn=false,isLeftArmOn=false,isRightArmOn=false,isChestOn=false,isPelvisOn=false,areWeRecording=false;
                                  ^
/home/hoenir/numl_catkin_ws/src/numl_val_mirror/src/../include/mirrorGUI.hpp:70:52: warning: non-static data member initializers only available with -std=c++11 or -std=gnu++11 [enabled by default]
  bool isOcculusOn=false,isHeadOn=false,isLeftArmOn=false,isRightArmOn=false,isChestOn=false,isPelvisOn=false,areWeRecording=false;
                                                    ^
/home/hoenir/numl_catkin_ws/src/numl_val_mirror/src/../include/mirrorGUI.hpp:70:71: warning: non-static data member initializers only available with -std=c++11 or -std=gnu++11 [enabled by default]
  bool isOcculusOn=false,isHeadOn=false,isLeftArmOn=false,isRightArmOn=false,isChestOn=false,isPelvisOn=false,areWeRecording=false;
                                                                       ^
/home/hoenir/numl_catkin_ws/src/numl_val_mirror/src/../include/mirrorGUI.hpp:70:87: warning: non-static data member initializers only available with -std=c++11 or -std=gnu++11 [enabled by default]
  bool isOcculusOn=false,isHeadOn=false,isLeftArmOn=false,isRightArmOn=false,isChestOn=false,isPelvisOn=false,areWeRecording=false;
                                                                                       ^
/home/hoenir/numl_catkin_ws/src/numl_val_mirror/src/../include/mirrorGUI.hpp:70:104: warning: non-static data member initializers only available with -std=c++11 or -std=gnu++11 [enabled by default]
  bool isOcculusOn=false,isHeadOn=false,isLeftArmOn=false,isRightArmOn=false,isChestOn=false,isPelvisOn=false,areWeRecording=false;
                                                                                                        ^
/home/hoenir/numl_catkin_ws/src/numl_val_mirror/src/../include/mirrorGUI.hpp:70:125: warning: non-static data member initializers only available with -std=c++11 or -std=gnu++11 [enabled by default]
  bool isOcculusOn=false,isHeadOn=false,isLeftArmOn=false,isRightArmOn=false,isChestOn=false,isPelvisOn=false,areWeRecording=false;
                                                                                                                             ^
/home/hoenir/numl_catkin_ws/src/numl_val_mirror/src/../include/mirrorGUI.hpp:64:31: warning: extended initializer lists only available with -std=c++11 or -std=gnu++11 [enabled by default]
  double robotPositions[33]={-1};
                               ^
/home/hoenir/numl_catkin_ws/src/numl_val_mirror/src/../include/mirrorGUI.hpp:65:31: warning: extended initializer lists only available with -std=c++11 or -std=gnu++11 [enabled by default]
  double humanPositions[33]={-1};
                               ^
/home/hoenir/numl_catkin_ws/src/numl_val_mirror/src/../include/mirrorGUI.hpp:66:37: warning: extended initializer lists only available with -std=c++11 or -std=gnu++11 [enabled by default]
  double myo_orientation[3]={-1,-1,-1};
                                     ^
/home/hoenir/numl_catkin_ws/src/numl_val_mirror/src/mirror.cpp: In function ‘int main(int, char**)’:
/home/hoenir/numl_catkin_ws/src/numl_val_mirror/src/mirror.cpp:120:48: warning: comparison between signed and unsigned integer expressions [-Wsign-compare]
    for(int i=0;i<(size_t)lastLeftEye.data.size();i++){
                                                ^
/home/hoenir/numl_catkin_ws/src/numl_val_mirror/src/mirror.cpp:123:49: warning: comparison between signed and unsigned integer expressions [-Wsign-compare]
    for(int i=0;i<(size_t)lastRightEye.data.size();i++){
                                                 ^
/home/hoenir/numl_catkin_ws/src/numl_val_mirror/src/mirror.cpp:98:12: warning: unused variable ‘start’ [-Wunused-variable]
   long int start = tp.tv_sec * 1000 + tp.tv_usec / 1000;
            ^
/home/hoenir/numl_catkin_ws/src/numl_val_mirror/src/mirror.cpp:94:16: warning: unused variable ‘start’ [-Wunused-variable]
  long int end, start;
                ^
/home/hoenir/numl_catkin_ws/src/numl_val_mirror/src/mirror.cpp: In function ‘void updateGUI()’:
/home/hoenir/numl_catkin_ws/src/numl_val_mirror/src/mirror.cpp:286:31: warning: comparison between signed and unsigned integer expressions [-Wsign-compare]
  for(int i=0;i<gui.lines.size();i++){
                               ^
/home/hoenir/numl_catkin_ws/src/numl_val_mirror/src/mirror.cpp:289:31: warning: comparison between signed and unsigned integer expressions [-Wsign-compare]
  for(int i=0;i<gui.words.size();i++){
                               ^
/home/hoenir/numl_catkin_ws/src/numl_val_mirror/src/mirror.cpp:292:33: warning: comparison between signed and unsigned integer expressions [-Wsign-compare]
  for(int i=0;i<gui.buttons.size();i++){
                                 ^
/home/hoenir/numl_catkin_ws/src/numl_val_mirror/src/mirror.cpp: In function ‘void TFCallBack(tf2_msgs::TFMessage)’:
/home/hoenir/numl_catkin_ws/src/numl_val_mirror/src/mirror.cpp:371:36: warning: comparison between signed and unsigned integer expressions [-Wsign-compare]
  for(int i=0;i<msg.transforms.size();i++){
                                    ^
At global scope:
cc1plus: warning: unrecognized command line option "-Wno-c++11" [enabled by default]
