Not searching for unused variables given on the command line.
[36m--[0m The C compiler identification is GNU 4.8.4
[36m--[0m The CXX compiler identification is GNU 4.8.4
[36m--[0m Check for working C compiler: /usr/bin/cc
[36m--[0m Check for working C compiler: /usr/bin/cc -- works
[36m--[0m Detecting C compiler ABI info
[36m--[0m Detecting C compiler ABI info - done
[36m--[0m Check for working CXX compiler: /usr/bin/c++
[36m--[0m Check for working CXX compiler: /usr/bin/c++ -- works
[36m--[0m Detecting CXX compiler ABI info
[36m--[0m Detecting CXX compiler ABI info - done
[36m--[0m Using CATKIN_DEVEL_PREFIX: /home/hoenir/numl_catkin_ws/devel/.private/mirror
[36m--[0m Using CMAKE_PREFIX_PATH: /home/hoenir/numl_catkin_ws/devel;/home/hoenir/ihmc_catkin_ws/install;/home/hoenir/val_indigo/install;/opt/ros/indigo
[36m--[0m This workspace overlays: /home/hoenir/numl_catkin_ws/devel;/home/hoenir/ihmc_catkin_ws/install;/home/hoenir/val_indigo/install;/opt/ros/indigo
[36m--[0m Found PythonInterp: /usr/bin/python (found version "2.7.6")
[36m--[0m Using PYTHON_EXECUTABLE: /usr/bin/python
[36m--[0m Using Debian Python package layout
[36m--[0m Using empy: /usr/bin/empy
[36m--[0m Using CATKIN_ENABLE_TESTING: ON
[36m--[0m Call enable_testing()
[36m--[0m Using CATKIN_TEST_RESULTS_DIR: /home/hoenir/numl_catkin_ws/build/mirror/test_results
[36m--[0m Looking for include file pthread.h
[36m--[0m Looking for include file pthread.h - found
[36m--[0m Looking for pthread_create
[36m--[0m Looking for pthread_create - not found
[36m--[0m Looking for pthread_create in pthreads
[36m--[0m Looking for pthread_create in pthreads - not found
[36m--[0m Looking for pthread_create in pthread
[36m--[0m Looking for pthread_create in pthread - found
[36m--[0m Found Threads: TRUE
[36m--[0m Found gtest sources under '/usr/src/gtest': gtests will be built
[36m--[0m Using Python nosetests: /usr/bin/nosetests-2.7
[36m--[0m catkin 0.6.18
[31m[1mCMake Error[0m at /home/hoenir/numl_catkin_ws/src/numl_val_mirror/cmake/Modules/FindSFML.cmake:358 (message):
  Could NOT find SFML (missing: SFML_SYSTEM_LIBRARY SFML_WINDOW_LIBRARY
  SFML_GRAPHICS_LIBRARY SFML_NETWORK_LIBRARY SFML_AUDIO_LIBRARY)
[36mCall Stack (most recent call first):[0m
  CMakeLists.txt:137 (find_package)


[36m--[0m Configuring incomplete, errors occurred!
See also "/home/hoenir/numl_catkin_ws/build/mirror/CMakeFiles/CMakeOutput.log".
See also "/home/hoenir/numl_catkin_ws/build/mirror/CMakeFiles/CMakeError.log".
