Determining if the pthread_create exist failed with the following output:
Change Dir: /home/hoenir/numl_catkin_ws/build/mirror/CMakeFiles/CMakeTmp

Run Build Command:/usr/bin/make "cmTryCompileExec700943707/fast"
/usr/bin/make -f CMakeFiles/cmTryCompileExec700943707.dir/build.make CMakeFiles/cmTryCompileExec700943707.dir/build
make[1]: Entering directory `/home/hoenir/numl_catkin_ws/build/mirror/CMakeFiles/CMakeTmp'
/usr/bin/cmake -E cmake_progress_report /home/hoenir/numl_catkin_ws/build/mirror/CMakeFiles/CMakeTmp/CMakeFiles 1
Building C object CMakeFiles/cmTryCompileExec700943707.dir/CheckSymbolExists.c.o
/usr/bin/cc    -o CMakeFiles/cmTryCompileExec700943707.dir/CheckSymbolExists.c.o   -c /home/hoenir/numl_catkin_ws/build/mirror/CMakeFiles/CMakeTmp/CheckSymbolExists.c
Linking C executable cmTryCompileExec700943707
/usr/bin/cmake -E cmake_link_script CMakeFiles/cmTryCompileExec700943707.dir/link.txt --verbose=1
/usr/bin/cc       CMakeFiles/cmTryCompileExec700943707.dir/CheckSymbolExists.c.o  -o cmTryCompileExec700943707 -rdynamic 
CMakeFiles/cmTryCompileExec700943707.dir/CheckSymbolExists.c.o: In function `main':
CheckSymbolExists.c:(.text+0x16): undefined reference to `pthread_create'
collect2: error: ld returned 1 exit status
make[1]: *** [cmTryCompileExec700943707] Error 1
make[1]: Leaving directory `/home/hoenir/numl_catkin_ws/build/mirror/CMakeFiles/CMakeTmp'
make: *** [cmTryCompileExec700943707/fast] Error 2

File /home/hoenir/numl_catkin_ws/build/mirror/CMakeFiles/CMakeTmp/CheckSymbolExists.c:
/* */
#include <pthread.h>

int main(int argc, char** argv)
{
  (void)argv;
#ifndef pthread_create
  return ((int*)(&pthread_create))[argc];
#else
  (void)argc;
  return 0;
#endif
}

Determining if the function pthread_create exists in the pthreads failed with the following output:
Change Dir: /home/hoenir/numl_catkin_ws/build/mirror/CMakeFiles/CMakeTmp

Run Build Command:/usr/bin/make "cmTryCompileExec3470837115/fast"
/usr/bin/make -f CMakeFiles/cmTryCompileExec3470837115.dir/build.make CMakeFiles/cmTryCompileExec3470837115.dir/build
make[1]: Entering directory `/home/hoenir/numl_catkin_ws/build/mirror/CMakeFiles/CMakeTmp'
/usr/bin/cmake -E cmake_progress_report /home/hoenir/numl_catkin_ws/build/mirror/CMakeFiles/CMakeTmp/CMakeFiles 1
Building C object CMakeFiles/cmTryCompileExec3470837115.dir/CheckFunctionExists.c.o
/usr/bin/cc   -DCHECK_FUNCTION_EXISTS=pthread_create   -o CMakeFiles/cmTryCompileExec3470837115.dir/CheckFunctionExists.c.o   -c /usr/share/cmake-2.8/Modules/CheckFunctionExists.c
Linking C executable cmTryCompileExec3470837115
/usr/bin/cmake -E cmake_link_script CMakeFiles/cmTryCompileExec3470837115.dir/link.txt --verbose=1
/usr/bin/cc   -DCHECK_FUNCTION_EXISTS=pthread_create    CMakeFiles/cmTryCompileExec3470837115.dir/CheckFunctionExists.c.o  -o cmTryCompileExec3470837115 -rdynamic -lpthreads 
/usr/bin/ld: cannot find -lpthreads
collect2: error: ld returned 1 exit status
make[1]: *** [cmTryCompileExec3470837115] Error 1
make[1]: Leaving directory `/home/hoenir/numl_catkin_ws/build/mirror/CMakeFiles/CMakeTmp'
make: *** [cmTryCompileExec3470837115/fast] Error 2


